<?xml version="1.0" encoding="UTF-8"?><testsuite errors="2" failures="0" name="web_tests_lab5.features.search.SearchByKeywordStory" skipped="1" tests="3" time="1.4" timestamp="2021-05-08 10:48:12"><testcase classname="web_tests_lab5.features.search.SearchByKeywordStory" name="Searching by keyword banana should display the corresponding article"><error message="Could not instantiate class org.openqa.selenium.firefox.FirefoxDriver" type="net.thucydides.core.webdriver.DriverConfigurationError">Could not instantiate class org.openqa.selenium.firefox.FirefoxDriver</error><system-err>Could not instantiate class org.openqa.selenium.firefox.FirefoxDriver&#13;
web_tests_lab5.steps.serenity.EndUserSteps.is_the_home_page(EndUserSteps.java:32)&#13;
web_tests_lab5.features.search.SearchByKeywordStory.searching_by_keyword_banana_should_display_the_corresponding_article(SearchByKeywordStory.java:35)&#13;
</system-err></testcase><testcase classname="web_tests_lab5.features.search.SearchByKeywordStory" name="Searching by ambiguious keyword should display the disambiguation page"><skipped/></testcase><testcase classname="web_tests_lab5.features.search.SearchByKeywordStory" name="Searching by keyword apple should display the corresponding article"><error message="Could not instantiate class org.openqa.selenium.firefox.FirefoxDriver" type="net.thucydides.core.webdriver.DriverConfigurationError">Could not instantiate class org.openqa.selenium.firefox.FirefoxDriver</error><system-err>Could not instantiate class org.openqa.selenium.firefox.FirefoxDriver&#13;
web_tests_lab5.steps.serenity.EndUserSteps.is_the_home_page(EndUserSteps.java:32)&#13;
web_tests_lab5.features.search.SearchByKeywordStory.searching_by_keyword_apple_should_display_the_corresponding_article(SearchByKeywordStory.java:27)&#13;
</system-err></testcase></testsuite>